<?xml version="1.0" encoding="UTF-8"?>
<!-- Generated by org.testng.reporters.JUnitXMLReporter -->
<testsuite ignored="0" hostname="LAPTOP-4QMGP1HR" failures="0" tests="4" name="TravelMedicare App Test Cases" time="21.812" errors="0" timestamp="2020-03-04T13:34:34 EST">
  <testcase classname="tm.qa.testcases.HomePageTest" name="clickOnTmLogoTest" time="0.497"/>
  <testcase classname="tm.qa.testcases.HomePageTest" name="clickOnHomeLinkTest" time="0.571"/>
  <testcase classname="tm.qa.testcases.HomePageTest" name="clickOnMyTMlinkTest" time="0.703"/>
  <testcase classname="tm.qa.testcases.HomePageTest" name="clickOnBecomeAnAgentLinkTest" time="0.785"/>
</testsuite> <!-- TravelMedicare App Test Cases -->
