<?xml version="1.0" encoding="UTF-8"?>
<!-- Generated by org.testng.reporters.JUnitXMLReporter -->
<testsuite ignored="0" hostname="LAPTOP-4QMGP1HR" failures="0" tests="4" name="Default test" time="20.763" errors="0" timestamp="2020-03-04T13:14:41 EST">
  <testcase classname="tm.qa.testcases.HomePageTest" name="clickOnTmLogoTest" time="0.391"/>
  <testcase classname="tm.qa.testcases.HomePageTest" name="clickOnHomeLinkTest" time="0.365"/>
  <testcase classname="tm.qa.testcases.HomePageTest" name="clickOnMyTMlinkTest" time="0.667"/>
  <testcase classname="tm.qa.testcases.HomePageTest" name="clickOnBecomeAnAgentLinkTest" time="0.67"/>
</testsuite> <!-- Default test -->
