<?xml version="1.0" encoding="UTF-8"?>
<!-- Generated by org.testng.reporters.JUnitXMLReporter -->
<testsuite ignored="0" hostname="LAPTOP-4QMGP1HR" failures="0" tests="4" name="Default test" time="20.412" errors="0" timestamp="2020-02-29T13:18:46 EST">
  <testcase classname="tm.qa.testcases.HomePageTest" name="clickOnTmLogoTest" time="0.308"/>
  <testcase classname="tm.qa.testcases.HomePageTest" name="clickOnHomeLinkTest" time="0.192"/>
  <testcase classname="tm.qa.testcases.HomePageTest" name="clickOnMyTMlinkTest" time="0.395"/>
  <testcase classname="tm.qa.testcases.HomePageTest" name="clickOnBecomeAnAgentLinkTest" time="0.4"/>
</testsuite> <!-- Default test -->
