<?xml version="1.0" encoding="UTF-8"?>
<!-- Generated by org.testng.reporters.JUnitXMLReporter -->
<testsuite hostname="LAPTOP-4QMGP1HR" ignored="0" name="Command line test" tests="4" failures="0" timestamp="2020-03-03T15:10:05 EST" time="19.279" errors="0">
  <testcase name="clickOnTmLogoTest" time="0.309" classname="tm.qa.testcases.HomePageTest"/>
  <testcase name="clickOnHomeLinkTest" time="0.297" classname="tm.qa.testcases.HomePageTest"/>
  <testcase name="clickOnMyTMlinkTest" time="0.406" classname="tm.qa.testcases.HomePageTest"/>
  <testcase name="clickOnBecomeAnAgentLinkTest" time="0.364" classname="tm.qa.testcases.HomePageTest"/>
</testsuite> <!-- Command line test -->
