<?xml version="1.0" encoding="UTF-8" ?>
<testsuite tests="4" failures="0" name="TestSuite" time="1.383" errors="0" skipped="0">
  <properties>
[...]
</properties>
  <testcase classname="tm.qa.testcases.HomePageTest" name="clickOnTmLogoTest" time="0.314"/>
  <testcase classname="tm.qa.testcases.HomePageTest" name="clickOnHomeLinkTest" time="0.297"/>
  <testcase classname="tm.qa.testcases.HomePageTest" name="clickOnMyTMlinkTest" time="0.407"/>
  <testcase classname="tm.qa.testcases.HomePageTest" name="clickOnBecomeAnAgentLinkTest" time="0.365"/>
</testsuite>